<html>
<head>
<title>TestNG:  Default test</title>
<link href="../testng.css" rel="stylesheet" type="text/css" />
<link href="../my-testng.css" rel="stylesheet" type="text/css" />

<style type="text/css">
.log { display: none;} 
.stack-trace { display: none;} 
</style>
<script type="text/javascript">
<!--
function flip(e) {
  current = e.style.display;
  if (current == 'block') {
    e.style.display = 'none';
    return 0;
  }
  else {
    e.style.display = 'block';
    return 1;
  }
}

function toggleBox(szDivId, elem, msg1, msg2)
{
  var res = -1;  if (document.getElementById) {
    res = flip(document.getElementById(szDivId));
  }
  else if (document.all) {
    // this is the way old msie versions work
    res = flip(document.all[szDivId]);
  }
  if(elem) {
    if(res == 0) elem.innerHTML = msg1; else elem.innerHTML = msg2;
  }

}

function toggleAllBoxes() {
  if (document.getElementsByTagName) {
    d = document.getElementsByTagName('div');
    for (i = 0; i < d.length; i++) {
      if (d[i].className == 'log') {
        flip(d[i]);
      }
    }
  }
}

// -->
</script>

</head>
<body>
<h2 align='center'>Default test</h2><table border='1' align="center">
<tr>
<td>Tests passed/Failed/Skipped:</td><td>0/0/6</td>
</tr><tr>
<td>Started on:</td><td>Mon May 30 11:04:27 IST 2022</td>
</tr>
<tr><td>Total time:</td><td>17 seconds (17148 ms)</td>
</tr><tr>
<td>Included groups:</td><td></td>
</tr><tr>
<td>Excluded groups:</td><td></td>
</tr>
</table><p/>
<small><i>(Hover the method name to see the test class name)</i></small><p/>
<table width='100%' border='1' class='invocation-failed'>
<tr><td colspan='4' align='center'><b>FAILED CONFIGURATIONS</b></td></tr>
<tr><td><b>Test method</b></td>
<td width="30%"><b>Exception</b></td>
<td width="10%"><b>Time (seconds)</b></td>
<td><b>Instance</b></td>
</tr>
<tr>
<td title='com.MobileAutomationDemo.TestCases.GeneralStore_Tc_3.setCapabilities()'><b>setCapabilities</b><br>Test class: com.MobileAutomationDemo.TestCases.GeneralStore_Tc_3</td>
<td><div><pre>java.lang.NoClassDefFoundError: org/openqa/selenium/remote/AcceptedW3CCapabilityKeys
	at io.appium.java_client.remote.AppiumNewSessionCommandPayload.&lt;clinit&gt;(AppiumNewSessionCommandPayload.java:32)
	at io.appium.java_client.AppiumDriver.startSession(AppiumDriver.java:225)
	at org.openqa.selenium.remote.RemoteWebDriver.&lt;init&gt;(RemoteWebDriver.java:163)
	at io.appium.java_client.AppiumDriver.&lt;init&gt;(AppiumDriver.java:79)
	at io.appium.java_client.AppiumDriver.&lt;init&gt;(AppiumDriver.java:87)
	at io.appium.java_client.android.AndroidDriver.&lt;init&gt;(AndroidDriver.java:116)
	at com.MobileAutomationDemo.TestCases.BaseClass.setCapabilities(BaseClass.java:74)
	at sun.reflect.NativeMethodAccessorImpl.invoke0(Native Method)
	at sun.reflect.NativeMethodAccessorImpl.invoke(Unknown Source)
	at sun.reflect.DelegatingMethodAccessorImpl.invoke(Unknown Source)
	at java.lang.reflect.Method.invoke(Unknown Source)
	at org.testng.internal.MethodInvocationHelper.invokeMethod(MethodInvocationHelper.java:86)
	at org.testng.internal.Invoker.invokeConfigurationMethod(Invoker.java:514)
	at org.testng.internal.Invoker.invokeConfigurations(Invoker.java:215)
	at org.testng.internal.Invoker.invokeConfigurations(Invoker.java:142)
	at org.testng.internal.TestMethodWorker.invokeBeforeClassMethods(TestMethodWorker.java:178)
	at org.testng.internal.TestMethodWorker.run(TestMethodWorker.java:108)
	at org.testng.TestRunner.privateRun(TestRunner.java:782)
	at org.testng.TestRunner.run(TestRunner.java:632)
	at org.testng.SuiteRunner.runTest(SuiteRunner.java:366)
	at org.testng.SuiteRunner.runSequentially(SuiteRunner.java:361)
	at org.testng.SuiteRunner.privateRun(SuiteRunner.java:319)
	at org.testng.SuiteRunner.run(SuiteRunner.java:268)
	at org.testng.SuiteRunnerWorker.runSuite(SuiteRunnerWorker.java:52)
	at org.testng.SuiteRunnerWorker.run(SuiteRunnerWorker.java:86)
	at org.testng.TestNG.runSuitesSequentially(TestNG.java:1244)
	at org.testng.TestNG.runSuitesLocally(TestNG.java:1169)
	at org.testng.TestNG.run(TestNG.java:1064)
	at org.testng.remote.RemoteTestNG.run(RemoteTestNG.java:113)
	at org.testng.remote.RemoteTestNG.initAndRun(RemoteTestNG.java:206)
	at org.testng.remote.RemoteTestNG.main(RemoteTestNG.java:177)
Caused by: java.lang.ClassNotFoundException: org.openqa.selenium.remote.AcceptedW3CCapabilityKeys
	at java.net.URLClassLoader.findClass(Unknown Source)
	at java.lang.ClassLoader.loadClass(Unknown Source)
	at sun.misc.Launcher$AppClassLoader.loadClass(Unknown Source)
	at java.lang.ClassLoader.loadClass(Unknown Source)
	... 31 more
</pre></div><a href='#' onClick='toggleBox("stack-trace724608044", this, "Click to show all stack frames", "Click to hide stack frames")'>Click to show all stack frames</a>
<div class='stack-trace' id='stack-trace724608044'><pre>java.lang.NoClassDefFoundError: org/openqa/selenium/remote/AcceptedW3CCapabilityKeys
	at io.appium.java_client.remote.AppiumNewSessionCommandPayload.&lt;clinit&gt;(AppiumNewSessionCommandPayload.java:32)
	at io.appium.java_client.AppiumDriver.startSession(AppiumDriver.java:225)
	at org.openqa.selenium.remote.RemoteWebDriver.&lt;init&gt;(RemoteWebDriver.java:163)
	at io.appium.java_client.AppiumDriver.&lt;init&gt;(AppiumDriver.java:79)
	at io.appium.java_client.AppiumDriver.&lt;init&gt;(AppiumDriver.java:87)
	at io.appium.java_client.android.AndroidDriver.&lt;init&gt;(AndroidDriver.java:116)
	at com.MobileAutomationDemo.TestCases.BaseClass.setCapabilities(BaseClass.java:74)
	at sun.reflect.NativeMethodAccessorImpl.invoke0(Native Method)
	at sun.reflect.NativeMethodAccessorImpl.invoke(Unknown Source)
	at sun.reflect.DelegatingMethodAccessorImpl.invoke(Unknown Source)
	at java.lang.reflect.Method.invoke(Unknown Source)
	at org.testng.internal.MethodInvocationHelper.invokeMethod(MethodInvocationHelper.java:86)
	at org.testng.internal.Invoker.invokeConfigurationMethod(Invoker.java:514)
	at org.testng.internal.Invoker.invokeConfigurations(Invoker.java:215)
	at org.testng.internal.Invoker.invokeConfigurations(Invoker.java:142)
	at org.testng.internal.TestMethodWorker.invokeBeforeClassMethods(TestMethodWorker.java:178)
	at org.testng.internal.TestMethodWorker.run(TestMethodWorker.java:108)
	at org.testng.TestRunner.privateRun(TestRunner.java:782)
	at org.testng.TestRunner.run(TestRunner.java:632)
	at org.testng.SuiteRunner.runTest(SuiteRunner.java:366)
	at org.testng.SuiteRunner.runSequentially(SuiteRunner.java:361)
	at org.testng.SuiteRunner.privateRun(SuiteRunner.java:319)
	at org.testng.SuiteRunner.run(SuiteRunner.java:268)
	at org.testng.SuiteRunnerWorker.runSuite(SuiteRunnerWorker.java:52)
	at org.testng.SuiteRunnerWorker.run(SuiteRunnerWorker.java:86)
	at org.testng.TestNG.runSuitesSequentially(TestNG.java:1244)
	at org.testng.TestNG.runSuitesLocally(TestNG.java:1169)
	at org.testng.TestNG.run(TestNG.java:1064)
	at org.testng.remote.RemoteTestNG.run(RemoteTestNG.java:113)
	at org.testng.remote.RemoteTestNG.initAndRun(RemoteTestNG.java:206)
	at org.testng.remote.RemoteTestNG.main(RemoteTestNG.java:177)
Caused by: java.lang.ClassNotFoundException: org.openqa.selenium.remote.AcceptedW3CCapabilityKeys
	at java.net.URLClassLoader.findClass(Unknown Source)
	at java.lang.ClassLoader.loadClass(Unknown Source)
	at sun.misc.Launcher$AppClassLoader.loadClass(Unknown Source)
	at java.lang.ClassLoader.loadClass(Unknown Source)
	... 31 more
</pre></div></td>
<td>0</td>
<td>com.MobileAutomationDemo.TestCases.GeneralStore_Tc_3@548a9f61</td></tr>
</table><p>
<table width='100%' border='1' class='invocation-skipped'>
<tr><td colspan='4' align='center'><b>SKIPPED CONFIGURATIONS</b></td></tr>
<tr><td><b>Test method</b></td>
<td width="30%"><b>Exception</b></td>
<td width="10%"><b>Time (seconds)</b></td>
<td><b>Instance</b></td>
</tr>
<tr>
<td title='com.MobileAutomationDemo.TestCases.GeneralStore_Tc_5.setCapabilities()'><b>setCapabilities</b><br>Test class: com.MobileAutomationDemo.TestCases.GeneralStore_Tc_5 ()</td>
<td></td>
<td>0</td>
<td>com.MobileAutomationDemo.TestCases.GeneralStore_Tc_5@2a2d45ba</td></tr>
<tr>
<td title='com.MobileAutomationDemo.TestCases.GeneralStore_Tc_4.setCapabilities()'><b>setCapabilities</b><br>Test class: com.MobileAutomationDemo.TestCases.GeneralStore_Tc_4</td>
<td></td>
<td>0</td>
<td>com.MobileAutomationDemo.TestCases.GeneralStore_Tc_4@2a5ca609</td></tr>
<tr>
<td title='com.MobileAutomationDemo.TestCases.GeneralStore_Tc_2.setCapabilities()'><b>setCapabilities</b><br>Test class: com.MobileAutomationDemo.TestCases.GeneralStore_Tc_2</td>
<td></td>
<td>0</td>
<td>com.MobileAutomationDemo.TestCases.GeneralStore_Tc_2@1753acfe</td></tr>
<tr>
<td title='com.MobileAutomationDemo.TestCases.GeneralStore_Tc_1.setCapabilities()'><b>setCapabilities</b><br>Test class: com.MobileAutomationDemo.TestCases.GeneralStore_Tc_1</td>
<td></td>
<td>0</td>
<td>com.MobileAutomationDemo.TestCases.GeneralStore_Tc_1@7c16905e</td></tr>
<tr>
<td title='com.MobileAutomationDemo.TestCases.GeneralStore_Tc_3.stopServer()'><b>stopServer</b><br>Test class: com.MobileAutomationDemo.TestCases.GeneralStore_Tc_3</td>
<td></td>
<td>0</td>
<td>null</td></tr>
</table><p>
<table width='100%' border='1' class='invocation-skipped'>
<tr><td colspan='4' align='center'><b>SKIPPED TESTS</b></td></tr>
<tr><td><b>Test method</b></td>
<td width="30%"><b>Exception</b></td>
<td width="10%"><b>Time (seconds)</b></td>
<td><b>Instance</b></td>
</tr>
<tr>
<td title='com.MobileAutomationDemo.TestCases.GeneralStore_Tc_4.checkingTheLongPressFunction()'><b>checkingTheLongPressFunction</b><br>Test class: com.MobileAutomationDemo.TestCases.GeneralStore_Tc_4</td>
<td></td>
<td>0</td>
<td>com.MobileAutomationDemo.TestCases.GeneralStore_Tc_4@2a5ca609</td></tr>
<tr>
<td title='com.MobileAutomationDemo.TestCases.GeneralStore_Tc_5.navigateToTheWebview()'><b>navigateToTheWebview</b><br>Test class: com.MobileAutomationDemo.TestCases.GeneralStore_Tc_5 ()</td>
<td></td>
<td>0</td>
<td>com.MobileAutomationDemo.TestCases.GeneralStore_Tc_5@2a2d45ba</td></tr>
<tr>
<td title='com.MobileAutomationDemo.TestCases.GeneralStore_Tc_1.productsPageNavigation()'><b>productsPageNavigation</b><br>Test class: com.MobileAutomationDemo.TestCases.GeneralStore_Tc_1</td>
<td></td>
<td>0</td>
<td>com.MobileAutomationDemo.TestCases.GeneralStore_Tc_1@7c16905e</td></tr>
<tr>
<td title='com.MobileAutomationDemo.TestCases.GeneralStore_Tc_2.validateAddToCartOption()'><b>validateAddToCartOption</b><br>Test class: com.MobileAutomationDemo.TestCases.GeneralStore_Tc_2</td>
<td></td>
<td>0</td>
<td>com.MobileAutomationDemo.TestCases.GeneralStore_Tc_2@1753acfe</td></tr>
<tr>
<td title='com.MobileAutomationDemo.TestCases.GeneralStore_Tc_1.validateToastMessage()'><b>validateToastMessage</b><br>Test class: com.MobileAutomationDemo.TestCases.GeneralStore_Tc_1</td>
<td></td>
<td>0</td>
<td>com.MobileAutomationDemo.TestCases.GeneralStore_Tc_1@7c16905e</td></tr>
<tr>
<td title='com.MobileAutomationDemo.TestCases.GeneralStore_Tc_3.validateTotalAmount()'><b>validateTotalAmount</b><br>Test class: com.MobileAutomationDemo.TestCases.GeneralStore_Tc_3</td>
<td></td>
<td>0</td>
<td>com.MobileAutomationDemo.TestCases.GeneralStore_Tc_3@548a9f61</td></tr>
</table><p>
</body>
</html>