<?xml version="1.0" encoding="UTF-8"?>
<!-- Generated by org.testng.reporters.JUnitXMLReporter -->
<testsuite hostname="DESKTOP-N75U7ON" name="GeneralStore TestCases" tests="7" failures="3" timestamp="1 Jun 2022 07:19:28 GMT" time="197.919" errors="0">
  <testcase name="validateToastMessage" time="4.839" classname="com.MobileAutomationDemo.TestCases.GeneralStore_Tc_1"/>
  <testcase name="productsPageNavigation" time="10.838" classname="com.MobileAutomationDemo.TestCases.GeneralStore_Tc_1"/>
  <testcase name="validateAddToCartOption" time="22.9" classname="com.MobileAutomationDemo.TestCases.GeneralStore_Tc_2"/>
  <testcase name="validateTotalAmount" time="19.397" classname="com.MobileAutomationDemo.TestCases.GeneralStore_Tc_3"/>
  <testcase name="checkingTheLongPressFunction" time="22.88" classname="com.MobileAutomationDemo.TestCases.GeneralStore_Tc_4">
    <failure type="java.lang.AssertionError" message="expected [Jordan 6 Rings] but found [Air Jordan 9 Retro]">
      <![CDATA[java.lang.AssertionError: expected [Jordan 6 Rings] but found [Air Jordan 9 Retro]
	at com.MobileAutomationDemo.TestCases.GeneralStore_Tc_2.validateAddToCartOption(GeneralStore_Tc_2.java:52)
	at com.MobileAutomationDemo.TestCases.GeneralStore_Tc_4.checkingTheLongPressFunction(GeneralStore_Tc_4.java:24)
... Removed 30 stack frames]]>
    </failure>
  </testcase> <!-- checkingTheLongPressFunction -->
  <testcase name="" time="23.414" classname="com.MobileAutomationDemo.TestCases.GeneralStore_Tc_5">
    <failure type="java.lang.AssertionError" message="expected [Jordan 6 Rings] but found [Air Jordan 9 Retro]">
      <![CDATA[java.lang.AssertionError: expected [Jordan 6 Rings] but found [Air Jordan 9 Retro]
	at com.MobileAutomationDemo.TestCases.GeneralStore_Tc_2.validateAddToCartOption(GeneralStore_Tc_2.java:52)
	at com.MobileAutomationDemo.TestCases.GeneralStore_Tc_4.checkingTheLongPressFunction(GeneralStore_Tc_4.java:24)
	at com.MobileAutomationDemo.TestCases.GeneralStore_Tc_5.navigateToTheWebview(GeneralStore_Tc_5.java:23)
... Removed 30 stack frames]]>
    </failure>
  </testcase> <!--  -->
  <testcase name="" time="23.415" classname="com.MobileAutomationDemo.TestCases.GeneralStore_Tc_5">
    <failure type="java.lang.IllegalArgumentException" message="testName cannot be null or empty">
      <![CDATA[java.lang.IllegalArgumentException: testName cannot be null or empty
	at com.aventstack.extentreports.ExtentTest.<init>(ExtentTest.java:88)
	at com.aventstack.extentreports.ExtentTest.<init>(ExtentTest.java:109)
	at com.aventstack.extentreports.ExtentReports.createTest(ExtentReports.java:231)
	at com.aventstack.extentreports.ExtentReports.createTest(ExtentReports.java:247)
	at com.MobileAutomationDemo.Utilities.Reporting.onTestFailure(Reporting.java:54)
... Removed 21 stack frames]]>
    </failure>
  </testcase> <!--  -->
</testsuite> <!-- GeneralStore TestCases -->
